TN:
SF:src/App.tsx
FN:6,App
FNF:1
FNH:1
FNDA:1,App
DA:1,1
DA:3,1
DA:4,1
DA:6,1
DA:7,1
DA:8,1
DA:9,1
DA:10,1
DA:11,1
DA:13,1
DA:15,1
LF:11
LH:11
BRDA:6,0,0,1
BRF:1
BRH:1
end_of_record
TN:
SF:src/main.tsx
FNF:0
FNH:0
DA:1,1
DA:2,1
DA:3,1
DA:4,1
DA:5,1
DA:6,1
DA:8,1
DA:9,1
DA:10,1
DA:11,1
DA:12,1
DA:13,1
DA:14,1
LF:13
LH:13
BRF:0
BRH:0
end_of_record
TN:
SF:src/app/rootSaga.ts
FN:1,(empty-report)
FNF:1
FNH:0
FNDA:0,(empty-report)
DA:1,0
DA:2,0
DA:3,0
DA:5,0
DA:6,0
DA:7,0
DA:8,0
DA:9,0
DA:10,0
LF:9
LH:0
BRDA:1,0,0,0
BRF:1
BRH:0
end_of_record
TN:
SF:src/app/store.ts
FN:1,(empty-report)
FNF:1
FNH:0
FNDA:0,(empty-report)
DA:1,0
DA:2,0
DA:3,0
DA:4,0
DA:5,0
DA:6,0
DA:9,0
DA:11,0
DA:12,0
DA:13,0
DA:14,0
DA:15,0
DA:16,0
DA:17,0
DA:18,0
DA:19,0
DA:21,0
LF:17
LH:0
BRDA:1,0,0,0
BRF:1
BRH:0
end_of_record
TN:
SF:src/components/atoms/Button/Button.tsx
FNF:0
FNH:0
DA:1,1
DA:5,1
DA:6,11
DA:7,11
DA:8,11
DA:10,11
DA:11,11
DA:12,11
DA:14,1
LF:9
LH:9
BRDA:5,0,0,11
BRF:1
BRH:1
end_of_record
TN:
SF:src/components/atoms/ThemeSwitcher/ThemeSwitcher.tsx
FN:4,ThemeSwitcher
FNF:1
FNH:1
FNDA:3,ThemeSwitcher
DA:1,1
DA:2,1
DA:4,1
DA:5,3
DA:7,3
DA:8,3
DA:9,3
DA:10,3
DA:11,3
DA:13,3
DA:14,3
DA:16,3
DA:18,1
LF:13
LH:13
BRDA:4,0,0,3
BRDA:13,1,0,1
BRDA:13,2,0,2
BRF:3
BRH:3
end_of_record
TN:
SF:src/components/atoms/input/Input.tsx
FNF:0
FNH:0
DA:1,1
DA:5,1
DA:6,14
DA:7,14
DA:8,14
DA:9,14
DA:10,14
DA:11,14
DA:13,1
LF:9
LH:9
BRDA:5,0,0,14
BRF:1
BRH:1
end_of_record
TN:
SF:src/components/molecules/SearchBar/SearchBar.tsx
FN:24,handleChange
FN:33,handleSubmit
FN:66,onChange
FN:87,onMouseDown
FN:109,onClick
FNF:5
FNH:5
FNDA:2,handleChange
FNDA:2,handleSubmit
FNDA:1,onChange
FNDA:1,onMouseDown
FNDA:1,onClick
DA:1,1
DA:2,1
DA:3,1
DA:8,1
DA:9,1
DA:15,1
DA:16,12
DA:18,12
DA:19,12
DA:21,12
DA:22,12
DA:24,12
DA:25,2
DA:26,2
DA:27,2
DA:28,2
DA:29,0
DA:30,0
DA:31,2
DA:33,12
DA:34,2
DA:35,2
DA:36,2
DA:37,2
DA:38,2
DA:39,2
DA:41,12
DA:42,12
DA:43,0
DA:44,0
DA:45,0
DA:46,0
DA:47,0
DA:48,0
DA:49,0
DA:50,0
DA:51,0
DA:52,0
DA:53,0
DA:54,0
DA:55,0
DA:56,0
DA:57,12
DA:58,12
DA:60,12
DA:61,12
DA:62,12
DA:63,12
DA:64,12
DA:65,12
DA:66,12
DA:67,12
DA:68,12
DA:69,12
DA:70,12
DA:71,12
DA:72,12
DA:73,12
DA:75,12
DA:76,9
DA:77,9
DA:78,9
DA:80,9
DA:81,18
DA:82,18
DA:83,18
DA:84,0
DA:85,18
DA:86,18
DA:87,18
DA:88,1
DA:89,1
DA:90,1
DA:91,1
DA:92,18
DA:93,18
DA:95,18
DA:96,18
DA:97,9
DA:98,9
DA:101,12
DA:102,9
DA:103,9
DA:104,9
DA:105,9
DA:106,18
DA:107,18
DA:108,18
DA:109,18
DA:111,18
DA:112,18
DA:113,9
DA:114,9
DA:115,9
DA:116,12
DA:118,12
DA:120,1
LF:97
LH:80
BRDA:15,0,0,12
BRDA:75,1,0,9
BRDA:101,2,0,9
BRDA:21,3,0,21
BRDA:22,4,0,21
BRDA:24,5,0,2
BRDA:28,6,0,0
BRDA:33,7,0,2
BRDA:66,8,0,1
BRDA:80,9,0,18
BRDA:83,10,0,0
BRDA:87,11,0,1
BRDA:105,12,0,18
BRDA:109,13,0,1
BRF:14
BRH:12
end_of_record
TN:
SF:src/components/organisms/WeatherCard/WeatherCard.tsx
FN:9,WeatherCard
FNF:1
FNH:1
FNDA:1,WeatherCard
DA:9,1
DA:10,1
DA:11,1
DA:12,1
DA:14,1
DA:15,1
DA:16,1
DA:17,1
DA:18,1
DA:19,1
DA:20,1
DA:21,1
DA:22,1
DA:23,1
DA:24,1
DA:25,1
DA:26,1
DA:27,1
DA:28,1
DA:29,1
DA:30,1
DA:33,1
LF:22
LH:22
BRDA:9,0,0,1
BRF:1
BRH:1
end_of_record
TN:
SF:src/features/searchHistory/searchHistorySlice.ts
FN:15,addToHistory
FN:27,clearHistory
FNF:2
FNH:2
FNDA:4,addToHistory
FNDA:1,clearHistory
DA:1,1
DA:7,1
DA:8,1
DA:9,1
DA:11,1
DA:12,1
DA:13,1
DA:14,1
DA:15,1
DA:16,4
DA:18,4
DA:20,3
DA:21,3
DA:23,4
DA:25,3
DA:26,4
DA:27,1
DA:28,1
DA:29,1
DA:30,1
DA:31,1
DA:33,1
DA:34,1
LF:23
LH:23
BRDA:15,0,0,4
BRDA:18,1,0,1
BRDA:18,2,0,3
BRDA:23,3,0,0
BRDA:23,4,0,3
BRDA:20,5,0,2
BRDA:27,6,0,1
BRF:7
BRH:6
end_of_record
TN:
SF:src/features/suggestion/suggestionSaga.ts
FN:11,handleFetchSuggestions
FN:25,suggestionSaga
FNF:2
FNH:1
FNDA:2,handleFetchSuggestions
FNDA:0,suggestionSaga
DA:1,1
DA:2,1
DA:7,1
DA:9,1
DA:11,1
DA:12,2
DA:13,2
DA:14,2
DA:15,1
DA:16,1
DA:17,1
DA:18,2
DA:19,2
DA:20,0
DA:21,0
DA:22,2
DA:23,2
DA:25,0
DA:26,0
DA:27,0
LF:20
LH:15
BRDA:11,0,0,2
BRDA:14,1,0,1
BRDA:17,2,0,0
BRDA:19,3,0,0
BRF:4
BRH:2
end_of_record
TN:
SF:src/features/suggestion/suggestionSlice.ts
FN:19,fetchSuggestions
FN:23,fetchSuggestionsSuccess
FN:27,fetchSuggestionsFailure
FN:31,clearSuggestions
FNF:4
FNH:4
FNDA:1,fetchSuggestions
FNDA:1,fetchSuggestionsSuccess
FNDA:1,fetchSuggestionsFailure
FNDA:1,clearSuggestions
DA:1,1
DA:9,1
DA:10,1
DA:11,1
DA:12,1
DA:13,1
DA:15,1
DA:16,1
DA:17,1
DA:18,1
DA:19,1
DA:20,1
DA:21,1
DA:22,1
DA:23,1
DA:24,1
DA:25,1
DA:26,1
DA:27,1
DA:28,1
DA:29,1
DA:30,1
DA:31,1
DA:32,1
DA:33,1
DA:34,1
DA:35,1
DA:37,1
DA:38,1
DA:39,1
DA:40,1
DA:41,1
DA:42,1
DA:44,1
LF:34
LH:34
BRDA:19,0,0,1
BRDA:23,1,0,1
BRDA:27,2,0,1
BRDA:31,3,0,1
BRF:4
BRH:4
end_of_record
TN:
SF:src/features/weather/weatherSaga.ts
FN:19,handleFetchWeather
FN:36,watchFetchWeather
FN:49,weatherSaga
FNF:3
FNH:1
FNDA:2,handleFetchWeather
FNDA:0,watchFetchWeather
FNDA:0,weatherSaga
DA:1,1
DA:10,1
DA:15,1
DA:19,1
DA:20,2
DA:21,2
DA:23,2
DA:24,1
DA:26,1
DA:27,1
DA:28,1
DA:29,2
DA:30,2
DA:31,2
DA:32,2
DA:33,2
DA:34,2
DA:36,0
DA:37,0
DA:38,0
DA:39,0
DA:41,0
DA:42,0
DA:43,0
DA:45,0
DA:46,0
DA:47,0
DA:49,0
DA:50,0
DA:51,0
LF:30
LH:17
BRDA:19,0,0,2
BRDA:23,1,0,1
BRDA:28,2,0,0
BRF:3
BRH:2
end_of_record
TN:
SF:src/features/weather/weatherSlice.ts
FN:15,fetchWeather
FN:20,fetchWeatherSuccess
FN:24,fetchWeatherFailure
FNF:3
FNH:3
FNDA:1,fetchWeather
FNDA:1,fetchWeatherSuccess
FNDA:1,fetchWeatherFailure
DA:1,1
DA:2,1
DA:4,1
DA:5,1
DA:6,1
DA:7,1
DA:8,1
DA:9,1
DA:11,1
DA:12,1
DA:13,1
DA:14,1
DA:15,1
DA:16,1
DA:17,1
DA:18,1
DA:19,1
DA:20,1
DA:21,1
DA:22,1
DA:23,1
DA:24,1
DA:25,1
DA:26,1
DA:27,1
DA:28,1
DA:29,1
DA:31,1
DA:32,1
DA:33,1
DA:34,1
DA:35,1
DA:37,1
LF:33
LH:33
BRDA:15,0,0,1
BRDA:20,1,0,1
BRDA:24,2,0,1
BRF:3
BRH:3
end_of_record
TN:
SF:src/features/weather/weatherTypes.ts
FNF:0
FNH:0
LF:0
LH:0
BRF:0
BRH:0
end_of_record
TN:
SF:src/hooks/useDebouncedValue.ts
FN:3,useDebouncedValue
FNF:1
FNH:1
FNDA:3,useDebouncedValue
DA:1,1
DA:3,1
DA:4,3
DA:6,3
DA:7,2
DA:8,2
DA:9,3
DA:11,3
DA:12,3
LF:9
LH:9
BRDA:3,0,0,3
BRDA:6,1,0,2
BRDA:7,2,0,1
BRDA:8,3,0,2
BRF:4
BRH:4
end_of_record
TN:
SF:src/hooks/useTheme.ts
FN:5,useTheme
FN:7,getInitialTheme
FNF:2
FNH:2
FNDA:5,useTheme
FNDA:3,getInitialTheme
DA:1,1
DA:3,1
DA:5,1
DA:7,5
DA:8,3
DA:9,3
DA:10,3
DA:11,3
DA:13,2
DA:14,3
DA:16,5
DA:18,5
DA:19,5
DA:20,2
DA:21,2
DA:22,4
DA:23,3
DA:24,3
DA:25,3
DA:26,5
DA:28,5
DA:30,5
DA:31,5
LF:23
LH:23
BRDA:5,0,0,5
BRDA:7,1,0,3
BRDA:8,2,0,0
BRDA:10,3,0,0
BRDA:11,4,0,2
BRDA:11,5,0,1
BRDA:18,6,0,5
BRDA:19,7,0,4
BRDA:19,8,0,2
BRDA:22,9,0,3
BRDA:28,10,0,2
BRDA:28,11,0,2
BRF:12
BRH:10
end_of_record
TN:
SF:src/pages/Home/Home.tsx
FN:11,Home
FN:15,handleSearch
FNF:2
FNH:1
FNDA:3,Home
FNDA:0,handleSearch
DA:1,1
DA:2,1
DA:3,1
DA:4,1
DA:6,1
DA:8,1
DA:10,1
DA:11,1
DA:12,3
DA:13,3
DA:15,3
DA:16,0
DA:17,0
DA:18,0
DA:20,3
DA:21,3
DA:22,3
DA:24,3
DA:25,3
DA:26,3
DA:28,3
DA:30,3
DA:32,3
DA:33,3
DA:35,3
DA:36,3
DA:37,3
DA:38,3
DA:41,3
DA:42,3
DA:43,3
DA:44,3
DA:45,3
DA:46,3
DA:47,3
DA:48,3
DA:49,3
DA:51,3
DA:53,3
DA:55,1
LF:40
LH:37
BRDA:10,0,0,1
BRDA:11,1,0,3
BRDA:21,2,0,0
BRDA:32,3,0,1
BRDA:33,4,0,1
BRDA:13,5,0,6
BRF:6
BRH:5
end_of_record
TN:
SF:src/services/citySearchService.ts
FN:5,searchCities
FNF:1
FNH:1
FNDA:2,searchCities
DA:1,1
DA:3,1
DA:5,1
DA:6,2
DA:7,1
DA:8,1
DA:9,1
DA:11,1
DA:12,1
LF:9
LH:9
BRDA:5,0,0,2
BRDA:6,1,0,1
BRDA:11,2,0,1
BRF:3
BRH:3
end_of_record
TN:
SF:src/services/weatherService.ts
FN:5,getGeoCoords
FN:17,getWeather
FNF:2
FNH:2
FNDA:2,getGeoCoords
FNDA:1,getWeather
DA:1,1
DA:3,1
DA:5,1
DA:6,2
DA:7,2
DA:8,2
DA:10,2
DA:11,1
DA:12,1
DA:13,1
DA:14,1
DA:15,1
DA:17,1
DA:18,1
DA:19,1
DA:20,1
DA:21,1
DA:22,1
LF:18
LH:18
BRDA:5,0,0,2
BRDA:10,1,0,1
BRDA:17,2,0,1
BRF:3
BRH:3
end_of_record
TN:
SF:src/utils/getOutfitSuggestion.ts
FN:1,getOutfitSuggestion
FNF:1
FNH:1
FNDA:9,getOutfitSuggestion
DA:1,1
DA:2,9
DA:4,9
DA:5,9
DA:7,9
DA:8,9
DA:9,6
DA:10,1
DA:11,1
LF:9
LH:9
BRDA:1,0,0,9
BRDA:4,1,0,1
BRDA:4,2,0,8
BRDA:5,3,0,1
BRDA:5,4,0,7
BRDA:7,5,0,1
BRDA:7,6,0,6
BRDA:8,7,0,4
BRDA:8,8,0,6
BRDA:8,9,0,2
BRDA:9,10,0,1
BRF:11
BRH:11
end_of_record
